1538200897402	geckodriver	INFO	geckodriver 0.21.0
1538200897525	geckodriver	INFO	Listening on 127.0.0.1:33800
1538200900596	mozrunner::runner	INFO	Running command: "C:\\Program Files\\Mozilla Firefox\\firefox.exe" "-marionette" "-foreground" "-no-remote" "-profile" "C:\\Users\\xyzz\\AppData\\Local\\Temp\\rust_mozprofile.sdvR3Kf1Yt8S"
1538200907303	Marionette	INFO	Listening on port 33816
1538200907469	Marionette	WARN	TLS certificate errors will be ignored for this session
1538200908634	Marionette	DEBUG	[6442450945] Frame script loaded
1538200908648	Marionette	DEBUG	[6442450945] Frame script registered
1538200908795	Marionette	DEBUG	[6442450945] Received DOM event beforeunload for about:blank
1538200909681	Marionette	DEBUG	[6442450945] Received DOM event pagehide for about:blank
1538200909681	Marionette	DEBUG	[6442450945] Received DOM event unload for about:blank
JavaScript error: https://ss1.bdstatic.com/5eN1bjq8AAUYm2zgoY3K/r/www/cache/static/protocol/https/plugins/every_cookie_4644b13.js, line 4: ReferenceError: c is not defined
1538200910624	Marionette	DEBUG	[6442450945] Received DOM event DOMContentLoaded for https://www.baidu.com/
1538200910814	Marionette	DEBUG	[6442450945] Received DOM event pageshow for https://www.baidu.com/
JavaScript error: https://sp0.baidu.com/5a1Fazu8AA54nxGko9WTAnF6hhy/su?wd=selenium%20&json=1&p=3&sid=26524_1447_21081_22074&req=2&csor=9&pwd=selenium&cb=jQuery11020730386671231755_1538200910424&_=1538200910434, line 1: TypeError: jQuery11020730386671231755_1538200910424 is not a function
JavaScript error: https://sp0.baidu.com/5a1Fazu8AA54nxGko9WTAnF6hhy/su?wd=selenium%20p&json=1&p=3&sid=26524_1447_21081_22074&req=2&csor=10&pwd=selenium%20&cb=jQuery11020730386671231755_1538200910424&_=1538200910435, line 1: TypeError: jQuery11020730386671231755_1538200910424 is not a function
JavaScript error: https://sp0.baidu.com/5a1Fazu8AA54nxGko9WTAnF6hhy/su?wd=selenium%20py&json=1&p=3&sid=26524_1447_21081_22074&req=2&csor=11&pwd=selenium%20p&cb=jQuery11020730386671231755_1538200910424&_=1538200910436, line 1: TypeError: jQuery11020730386671231755_1538200910424 is not a function
JavaScript error: https://sp0.baidu.com/5a1Fazu8AA54nxGko9WTAnF6hhy/su?wd=selenium%20pyt&json=1&p=3&sid=26524_1447_21081_22074&req=2&csor=12&pwd=selenium%20py&cb=jQuery11020730386671231755_1538200910424&_=1538200910437, line 1: TypeError: jQuery11020730386671231755_1538200910424 is not a function
JavaScript error: https://sp0.baidu.com/5a1Fazu8AA54nxGko9WTAnF6hhy/su?wd=selenium%20pyth&json=1&p=3&sid=26524_1447_21081_22074&req=2&csor=13&pwd=selenium%20pyt&cb=jQuery11020730386671231755_1538200910424&_=1538200910438, line 1: TypeError: jQuery11020730386671231755_1538200910424 is not a function
JavaScript error: https://sp0.baidu.com/5a1Fazu8AA54nxGko9WTAnF6hhy/su?wd=selenium%20pytho&json=1&p=3&sid=26524_1447_21081_22074&req=2&csor=14&pwd=selenium%20pyth&cb=jQuery11020730386671231755_1538200910424&_=1538200910439, line 1: TypeError: jQuery11020730386671231755_1538200910424 is not a function
1538200911783	Marionette	DEBUG	[6442450945] Canceled page load listener because no navigation has been detected
JavaScript error: https://sp0.baidu.com/5a1Fazu8AA54nxGko9WTAnF6hhy/su?wd=selenium%20python&json=1&p=3&sid=26524_1447_21081_22074&req=2&csor=15&pwd=selenium%20pytho&cb=jQuery11020730386671231755_1538200910424&_=1538200910440, line 1: TypeError: jQuery11020730386671231755_1538200910424 is not a function
1538200913155	Marionette	DEBUG	[6442450949] Frame script loaded
1538200913157	Marionette	DEBUG	[6442450949] Frame script registered
1538200913233	Marionette	DEBUG	[6442450952] Frame script loaded
1538200913234	Marionette	DEBUG	[6442450952] Frame script registered
1538200914138	Marionette	INFO	Stopped listening on port 33816
[Child 14320, Chrome_ChildThread] WARNING: pipe error: 109: file z:/build/build/src/ipc/chromium/src/chrome/common/ipc_channel_win.cc, line 346

###!!! [Child][MessageChannel::SendAndWait] Error: Channel error: cannot send/recv

